#
# There is insufficient memory for the Java Runtime Environment to continue.
# Native memory allocation (malloc) failed to allocate 32744 bytes for Chunk::new
# Possible reasons:
#   The system is out of physical RAM or swap space
#   The process is running with CompressedOops enabled, and the Java Heap may be blocking the growth of the native heap
# Possible solutions:
#   Reduce memory load on the system
#   Increase physical memory or swap space
#   Check if swap backing store is full
#   Decrease Java heap size (-Xmx/-Xms)
#   Decrease number of Java threads
#   Decrease Java thread stack sizes (-Xss)
#   Set larger code cache with -XX:ReservedCodeCacheSize=
#   JVM is running with Unscaled Compressed Oops mode in which the Java heap is
#     placed in the first 4GB address space. The Java Heap base address is the
#     maximum limit for the native heap growth. Please use -XX:HeapBaseMinAddress
#     to set the Java Heap base and to place the Java Heap above 4GB virtual address.
# This output file may be truncated or incomplete.
#
#  Out of Memory Error (arena.cpp:184), pid=11700, tid=1992
#
# JRE version: Java(TM) SE Runtime Environment (18.0.2.1+1) (build 18.0.2.1+1-1)
# Java VM: Java HotSpot(TM) 64-Bit Server VM (18.0.2.1+1-1, mixed mode, sharing, tiered, compressed oops, compressed class ptrs, g1 gc, windows-amd64)
# No core dump will be written. Minidumps are not enabled by default on client versions of Windows
#

---------------  S U M M A R Y ------------

Command Line: -javaagent:C:\Program Files\JetBrains\IntelliJ IDEA Community Edition 2022.2.1\lib\idea_rt.jar=54008:C:\Program Files\JetBrains\IntelliJ IDEA Community Edition 2022.2.1\bin -Dfile.encoding=UTF-8 -Dsun.stdout.encoding=UTF-8 -Dsun.stderr.encoding=UTF-8 com.bguerra.springboot.backend.apirest.proyectoAngularSpring.ProyectoAngularSpringApplication

Host: Intel(R) Core(TM) i5-8365U CPU @ 1.60GHz, 8 cores, 7G,  Windows 11 , 64 bit Build 22621 (10.0.22621.1194)
Time: Thu Mar  9 13:33:26 2023 Central Standard Time (Mexico) elapsed time: 1254.378298 seconds (0d 0h 20m 54s)

---------------  T H R E A D  ---------------

Current thread (0x00000150f692c160):  JavaThread "C1 CompilerThread0" daemon [_thread_in_native, id=1992, stack(0x00000032ab000000,0x00000032ab100000)]


Current CompileTask:
C1:1254379 7371   !   3       org.apache.tomcat.util.buf.StringCache::toString (615 bytes)

Stack: [0x00000032ab000000,0x00000032ab100000]
Native frames: (J=compiled Java code, j=interpreted, Vv=VM code, C=native code)
V  [jvm.dll+0x6993aa]
V  [jvm.dll+0x7f46dd]
V  [jvm.dll+0x7f5fee]
V  [jvm.dll+0x7f66a3]
V  [jvm.dll+0x25cf1f]
V  [jvm.dll+0xb8c2f]
V  [jvm.dll+0xb8fa5]
V  [jvm.dll+0xc606d]
V  [jvm.dll+0x18b725]
V  [jvm.dll+0x18b5fe]
V  [jvm.dll+0x18dde5]
V  [jvm.dll+0x18f901]
V  [jvm.dll+0x148ff3]
V  [jvm.dll+0x1488cf]
V  [jvm.dll+0x148b26]
V  [jvm.dll+0x147f9a]
V  [jvm.dll+0x149c81]
V  [jvm.dll+0x23ee0a]
V  [jvm.dll+0x23d0f5]
V  [jvm.dll+0x7a6dd1]
V  [jvm.dll+0x7a120a]
V  [jvm.dll+0x698255]
C  [ucrtbase.dll+0x29363]
C  [KERNEL32.DLL+0x126bd]
C  [ntdll.dll+0x5dfb8]


---------------  P R O C E S S  ---------------

Threads class SMR info:
_java_thread_list=0x00000150fb68be90, length=32, elements={
0x00000150f68f5a90, 0x00000150f68f6430, 0x00000150f690c9a0, 0x00000150f690d340,
0x00000150f690dce0, 0x00000150f691c120, 0x00000150f6925b40, 0x00000150f692c160,
0x00000150f6944720, 0x00000150fac762e0, 0x00000150fb11d700, 0x00000150fb0b87b0,
0x00000150fbe41570, 0x00000150fbe40230, 0x00000150fbe410a0, 0x00000150fbe41a40,
0x00000150fbe3e080, 0x00000150fe6ffe70, 0x00000150fe7024f0, 0x00000150fe6ff4d0,
0x00000150fe700810, 0x00000150fe7011b0, 0x00000150fe702020, 0x00000150fe6feb30,
0x00000150fe701b50, 0x00000150fe6ff000, 0x00000150fe6ff9a0, 0x00000150fe700340,
0x00000150fe700ce0, 0x000001508082b7c0, 0x000001508082b2f0, 0x000001508082d970
}

Java Threads: ( => current thread )
  0x00000150f68f5a90 JavaThread "Reference Handler" daemon [_thread_blocked, id=11208, stack(0x00000032aa900000,0x00000032aaa00000)]
  0x00000150f68f6430 JavaThread "Finalizer" daemon [_thread_blocked, id=13812, stack(0x00000032aaa00000,0x00000032aab00000)]
  0x00000150f690c9a0 JavaThread "Signal Dispatcher" daemon [_thread_blocked, id=8608, stack(0x00000032aab00000,0x00000032aac00000)]
  0x00000150f690d340 JavaThread "Attach Listener" daemon [_thread_blocked, id=4512, stack(0x00000032aac00000,0x00000032aad00000)]
  0x00000150f690dce0 JavaThread "Service Thread" daemon [_thread_blocked, id=18612, stack(0x00000032aad00000,0x00000032aae00000)]
  0x00000150f691c120 JavaThread "Monitor Deflation Thread" daemon [_thread_blocked, id=18144, stack(0x00000032aae00000,0x00000032aaf00000)]
  0x00000150f6925b40 JavaThread "C2 CompilerThread0" daemon [_thread_blocked, id=18624, stack(0x00000032aaf00000,0x00000032ab000000)]
=>0x00000150f692c160 JavaThread "C1 CompilerThread0" daemon [_thread_in_native, id=1992, stack(0x00000032ab000000,0x00000032ab100000)]
  0x00000150f6944720 JavaThread "Sweeper thread" daemon [_thread_blocked, id=14180, stack(0x00000032ab100000,0x00000032ab200000)]
  0x00000150fac762e0 JavaThread "Common-Cleaner" daemon [_thread_blocked, id=13764, stack(0x00000032ab200000,0x00000032ab300000)]
  0x00000150fb11d700 JavaThread "Monitor Ctrl-Break" daemon [_thread_in_native, id=17004, stack(0x00000032ab300000,0x00000032ab400000)]
  0x00000150fb0b87b0 JavaThread "Notification Thread" daemon [_thread_blocked, id=18568, stack(0x00000032ab400000,0x00000032ab500000)]
  0x00000150fbe41570 JavaThread "Catalina-utility-1" [_thread_blocked, id=13468, stack(0x00000032ac200000,0x00000032ac300000)]
  0x00000150fbe40230 JavaThread "Catalina-utility-2" [_thread_blocked, id=11344, stack(0x00000032ac300000,0x00000032ac400000)]
  0x00000150fbe410a0 JavaThread "container-0" [_thread_blocked, id=2856, stack(0x00000032ac400000,0x00000032ac500000)]
  0x00000150fbe41a40 JavaThread "mysql-cj-abandoned-connection-cleanup" daemon [_thread_blocked, id=13188, stack(0x00000032ac500000,0x00000032ac600000)]
  0x00000150fbe3e080 JavaThread "HikariPool-1 housekeeper" daemon [_thread_blocked, id=1808, stack(0x00000032ac600000,0x00000032ac700000)]
  0x00000150fe6ffe70 JavaThread "File Watcher" daemon [_thread_in_native, id=18276, stack(0x00000032ac700000,0x00000032ac800000)]
  0x00000150fe7024f0 JavaThread "Live Reload Server" daemon [_thread_in_native, id=2664, stack(0x00000032ac900000,0x00000032aca00000)]
  0x00000150fe6ff4d0 JavaThread "http-nio-8080-exec-1" daemon [_thread_blocked, id=16376, stack(0x00000032ac800000,0x00000032ac900000)]
  0x00000150fe700810 JavaThread "http-nio-8080-exec-2" daemon [_thread_blocked, id=17072, stack(0x00000032aca00000,0x00000032acb00000)]
  0x00000150fe7011b0 JavaThread "http-nio-8080-exec-3" daemon [_thread_blocked, id=14784, stack(0x00000032acb00000,0x00000032acc00000)]
  0x00000150fe702020 JavaThread "http-nio-8080-exec-4" daemon [_thread_blocked, id=15672, stack(0x00000032acc00000,0x00000032acd00000)]
  0x00000150fe6feb30 JavaThread "http-nio-8080-exec-5" daemon [_thread_blocked, id=10700, stack(0x00000032acd00000,0x00000032ace00000)]
  0x00000150fe701b50 JavaThread "http-nio-8080-exec-6" daemon [_thread_blocked, id=13224, stack(0x00000032ace00000,0x00000032acf00000)]
  0x00000150fe6ff000 JavaThread "http-nio-8080-exec-7" daemon [_thread_blocked, id=10600, stack(0x00000032acf00000,0x00000032ad000000)]
  0x00000150fe6ff9a0 JavaThread "http-nio-8080-exec-8" daemon [_thread_blocked, id=8476, stack(0x00000032ad000000,0x00000032ad100000)]
  0x00000150fe700340 JavaThread "http-nio-8080-exec-9" daemon [_thread_blocked, id=2132, stack(0x00000032ad100000,0x00000032ad200000)]
  0x00000150fe700ce0 JavaThread "http-nio-8080-exec-10" daemon [_thread_blocked, id=12224, stack(0x00000032ad200000,0x00000032ad300000)]
  0x000001508082b7c0 JavaThread "http-nio-8080-Poller" daemon [_thread_in_native, id=17760, stack(0x00000032ad300000,0x00000032ad400000)]
  0x000001508082b2f0 JavaThread "http-nio-8080-Acceptor" daemon [_thread_in_native, id=4576, stack(0x00000032ad400000,0x00000032ad500000)]
  0x000001508082d970 JavaThread "DestroyJavaVM" [_thread_blocked, id=12792, stack(0x00000032aa200000,0x00000032aa300000)]

Other Threads:
  0x00000150d89af340 VMThread "VM Thread" [stack: 0x00000032aa800000,0x00000032aa900000] [id=11924]
  0x00000150fb11d1a0 WatcherThread "VM Periodic Task Thread" [stack: 0x00000032ab500000,0x00000032ab600000] [id=17816]
  0x00000150d898fda0 WorkerThread "GC Thread#0" [stack: 0x00000032aa300000,0x00000032aa400000] [id=12980]
  0x00000150fb3fe4e0 WorkerThread "GC Thread#1" [stack: 0x00000032ab600000,0x00000032ab700000] [id=15616]
  0x00000150fb7e8aa0 WorkerThread "GC Thread#2" [stack: 0x00000032ab700000,0x00000032ab800000] [id=19272]
  0x00000150fb7e2440 WorkerThread "GC Thread#3" [stack: 0x00000032ab800000,0x00000032ab900000] [id=14388]
  0x00000150fb7e26e0 WorkerThread "GC Thread#4" [stack: 0x00000032ab900000,0x00000032aba00000] [id=2288]
  0x00000150fb7e2e00 WorkerThread "GC Thread#5" [stack: 0x00000032aba00000,0x00000032abb00000] [id=16440]
  0x00000150fb7e3520 WorkerThread "GC Thread#6" [stack: 0x00000032abb00000,0x00000032abc00000] [id=16140]
  0x00000150fba9b660 WorkerThread "GC Thread#7" [stack: 0x00000032ac000000,0x00000032ac100000] [id=18760]
  0x00000150d89a0410 ConcurrentGCThread "G1 Main Marker" [stack: 0x00000032aa400000,0x00000032aa500000] [id=10888]
  0x00000150d89a0e00 WorkerThread "G1 Conc#0" [stack: 0x00000032aa500000,0x00000032aa600000] [id=18676]
  0x00000150fc3c8550 WorkerThread "G1 Conc#1" [stack: 0x00000032abe00000,0x00000032abf00000] [id=14776]
  0x00000150f67aa140 ConcurrentGCThread "G1 Refine#0" [stack: 0x00000032aa600000,0x00000032aa700000] [id=15620]
  0x00000150f67ab900 ConcurrentGCThread "G1 Service" [stack: 0x00000032aa700000,0x00000032aa800000] [id=6920]

Threads with active compile tasks:
C1 CompilerThread0  1254565 7371   !   3       org.apache.tomcat.util.buf.StringCache::toString (615 bytes)

VM state: not at safepoint (normal execution)

VM Mutex/Monitor currently owned by a thread: None

Heap address: 0x0000000084600000, size: 1978 MB, Compressed Oops mode: 32-bit

CDS archive(s) mapped at: [0x0000000800000000-0x0000000800ba0000-0x0000000800ba0000), size 12189696, SharedBaseAddress: 0x0000000800000000, ArchiveRelocationMode: 0.
Compressed class space mapped at: 0x0000000800c00000-0x0000000840c00000, reserved size: 1073741824
Narrow klass base: 0x0000000800000000, Narrow klass shift: 0, Narrow klass range: 0x100000000

GC Precious Log:
 CardTable entry size: 512
 Card Set container configuration: InlinePtr #cards 5 size 8 Array Of Cards #cards 12 size 40 Howl #buckets 4 coarsen threshold 1843 Howl Bitmap #cards 512 size 80 coarsen threshold 460 Card regions per heap region 1 cards per card region 2048
 CPUs: 8 total, 8 available
 Memory: 7907M
 Large Page Support: Disabled
 NUMA Support: Disabled
 Compressed Oops: Enabled (32-bit)
 Heap Region Size: 1M
 Heap Min Capacity: 8M
 Heap Initial Capacity: 124M
 Heap Max Capacity: 1978M
 Pre-touch: Disabled
 Parallel Workers: 8
 Concurrent Workers: 2
 Concurrent Refinement Workers: 8
 Periodic GC: Disabled

Heap:
 garbage-first heap   total 63488K, used 37327K [0x0000000084600000, 0x0000000100000000)
  region size 1024K, 3 young (3072K), 2 survivors (2048K)
 Metaspace       used 66433K, committed 66880K, reserved 1114112K
  class space    used 8736K, committed 8960K, reserved 1048576K

Heap Regions: E=young(eden), S=young(survivor), O=old, HS=humongous(starts), HC=humongous(continues), CS=collection set, F=free, OA=open archive, CA=closed archive, TAMS=top-at-mark-start (previous, next)
|   0|0x0000000084600000, 0x0000000084700000, 0x0000000084700000|100%|HS|  |TAMS 0x0000000084700000, 0x0000000084600000| Complete 
|   1|0x0000000084700000, 0x0000000084800000, 0x0000000084800000|100%| O|  |TAMS 0x0000000084800000, 0x0000000084700000| Untracked 
|   2|0x0000000084800000, 0x0000000084900000, 0x0000000084900000|100%| O|  |TAMS 0x0000000084900000, 0x0000000084800000| Untracked 
|   3|0x0000000084900000, 0x0000000084a00000, 0x0000000084a00000|100%| O|  |TAMS 0x0000000084a00000, 0x0000000084900000| Untracked 
|   4|0x0000000084a00000, 0x0000000084b00000, 0x0000000084b00000|100%| O|  |TAMS 0x0000000084b00000, 0x0000000084a00000| Untracked 
|   5|0x0000000084b00000, 0x0000000084c00000, 0x0000000084c00000|100%| O|  |TAMS 0x0000000084c00000, 0x0000000084b00000| Untracked 
|   6|0x0000000084c00000, 0x0000000084d00000, 0x0000000084d00000|100%| O|  |TAMS 0x0000000084d00000, 0x0000000084c00000| Untracked 
|   7|0x0000000084d00000, 0x0000000084e00000, 0x0000000084e00000|100%| O|  |TAMS 0x0000000084e00000, 0x0000000084d00000| Untracked 
|   8|0x0000000084e00000, 0x0000000084f00000, 0x0000000084f00000|100%| O|  |TAMS 0x0000000084f00000, 0x0000000084e00000| Untracked 
|   9|0x0000000084f00000, 0x0000000085000000, 0x0000000085000000|100%| O|  |TAMS 0x0000000085000000, 0x0000000084f00000| Untracked 
|  10|0x0000000085000000, 0x0000000085100000, 0x0000000085100000|100%| O|  |TAMS 0x0000000085100000, 0x0000000085000000| Untracked 
|  11|0x0000000085100000, 0x0000000085200000, 0x0000000085200000|100%| O|  |TAMS 0x0000000085200000, 0x0000000085100000| Untracked 
|  12|0x0000000085200000, 0x0000000085300000, 0x0000000085300000|100%| O|  |TAMS 0x0000000085300000, 0x0000000085200000| Untracked 
|  13|0x0000000085300000, 0x0000000085400000, 0x0000000085400000|100%| O|  |TAMS 0x0000000085400000, 0x0000000085300000| Untracked 
|  14|0x0000000085400000, 0x0000000085500000, 0x0000000085500000|100%| O|  |TAMS 0x0000000085500000, 0x0000000085400000| Untracked 
|  15|0x0000000085500000, 0x0000000085600000, 0x0000000085600000|100%| O|  |TAMS 0x0000000085600000, 0x0000000085500000| Untracked 
|  16|0x0000000085600000, 0x0000000085700000, 0x0000000085700000|100%| O|  |TAMS 0x0000000085600000, 0x0000000085600000| Untracked 
|  17|0x0000000085700000, 0x0000000085800000, 0x0000000085800000|100%| O|  |TAMS 0x0000000085800000, 0x0000000085700000| Untracked 
|  18|0x0000000085800000, 0x0000000085900000, 0x0000000085900000|100%| O|  |TAMS 0x0000000085900000, 0x0000000085800000| Untracked 
|  19|0x0000000085900000, 0x0000000085a00000, 0x0000000085a00000|100%| O|  |TAMS 0x0000000085a00000, 0x0000000085900000| Untracked 
|  20|0x0000000085a00000, 0x0000000085b00000, 0x0000000085b00000|100%| O|  |TAMS 0x0000000085b00000, 0x0000000085a00000| Untracked 
|  21|0x0000000085b00000, 0x0000000085c00000, 0x0000000085c00000|100%| O|  |TAMS 0x0000000085c00000, 0x0000000085b00000| Untracked 
|  22|0x0000000085c00000, 0x0000000085d00000, 0x0000000085d00000|100%| O|  |TAMS 0x0000000085d00000, 0x0000000085c00000| Untracked 
|  23|0x0000000085d00000, 0x0000000085e00000, 0x0000000085e00000|100%| O|  |TAMS 0x0000000085e00000, 0x0000000085d00000| Untracked 
|  24|0x0000000085e00000, 0x0000000085f00000, 0x0000000085f00000|100%| O|  |TAMS 0x0000000085f00000, 0x0000000085e00000| Untracked 
|  25|0x0000000085f00000, 0x0000000086000000, 0x0000000086000000|100%| O|  |TAMS 0x0000000086000000, 0x0000000085f00000| Untracked 
|  26|0x0000000086000000, 0x0000000086100000, 0x0000000086100000|100%| O|  |TAMS 0x0000000086100000, 0x0000000086000000| Untracked 
|  27|0x0000000086100000, 0x0000000086200000, 0x0000000086200000|100%| O|  |TAMS 0x0000000086200000, 0x0000000086100000| Untracked 
|  28|0x0000000086200000, 0x0000000086300000, 0x0000000086300000|100%| O|  |TAMS 0x0000000086300000, 0x0000000086200000| Untracked 
|  29|0x0000000086300000, 0x0000000086400000, 0x0000000086400000|100%| O|  |TAMS 0x0000000086400000, 0x0000000086300000| Untracked 
|  30|0x0000000086400000, 0x0000000086500000, 0x0000000086500000|100%| O|  |TAMS 0x0000000086500000, 0x0000000086400000| Untracked 
|  31|0x0000000086500000, 0x0000000086600000, 0x0000000086600000|100%| O|  |TAMS 0x0000000086600000, 0x0000000086500000| Untracked 
|  32|0x0000000086600000, 0x0000000086700000, 0x0000000086700000|100%| O|  |TAMS 0x0000000086700000, 0x0000000086600000| Untracked 
|  33|0x0000000086700000, 0x0000000086800000, 0x0000000086800000|100%| O|  |TAMS 0x0000000086800000, 0x0000000086700000| Untracked 
|  34|0x0000000086800000, 0x0000000086900000, 0x0000000086900000|100%| O|  |TAMS 0x0000000086900000, 0x0000000086800000| Untracked 
|  35|0x0000000086900000, 0x0000000086930400, 0x0000000086a00000| 18%| O|  |TAMS 0x0000000086900000, 0x0000000086900000| Untracked 
|  36|0x0000000086a00000, 0x0000000086a00000, 0x0000000086b00000|  0%| F|  |TAMS 0x0000000086a00000, 0x0000000086a00000| Untracked 
|  37|0x0000000086b00000, 0x0000000086b00000, 0x0000000086c00000|  0%| F|  |TAMS 0x0000000086b00000, 0x0000000086b00000| Untracked 
|  38|0x0000000086c00000, 0x0000000086c00000, 0x0000000086d00000|  0%| F|  |TAMS 0x0000000086c00000, 0x0000000086c00000| Untracked 
|  39|0x0000000086d00000, 0x0000000086d00000, 0x0000000086e00000|  0%| F|  |TAMS 0x0000000086d00000, 0x0000000086d00000| Untracked 
|  40|0x0000000086e00000, 0x0000000086e00000, 0x0000000086f00000|  0%| F|  |TAMS 0x0000000086e00000, 0x0000000086e00000| Untracked 
|  41|0x0000000086f00000, 0x0000000086f00000, 0x0000000087000000|  0%| F|  |TAMS 0x0000000086f00000, 0x0000000086f00000| Untracked 
|  42|0x0000000087000000, 0x0000000087000000, 0x0000000087100000|  0%| F|  |TAMS 0x0000000087000000, 0x0000000087000000| Untracked 
|  43|0x0000000087100000, 0x0000000087100000, 0x0000000087200000|  0%| F|  |TAMS 0x0000000087100000, 0x0000000087100000| Untracked 
|  44|0x0000000087200000, 0x0000000087200000, 0x0000000087300000|  0%| F|  |TAMS 0x0000000087200000, 0x0000000087200000| Untracked 
|  45|0x0000000087300000, 0x0000000087343a60, 0x0000000087400000| 26%| S|CS|TAMS 0x0000000087300000, 0x0000000087300000| Complete 
|  46|0x0000000087400000, 0x0000000087400000, 0x0000000087500000|  0%| F|  |TAMS 0x0000000087400000, 0x0000000087400000| Untracked 
|  47|0x0000000087500000, 0x0000000087600000, 0x0000000087600000|100%| S|CS|TAMS 0x0000000087500000, 0x0000000087500000| Complete 
|  48|0x0000000087600000, 0x0000000087600000, 0x0000000087700000|  0%| F|  |TAMS 0x0000000087600000, 0x0000000087600000| Untracked 
|  49|0x0000000087700000, 0x0000000087700000, 0x0000000087800000|  0%| F|  |TAMS 0x0000000087700000, 0x0000000087700000| Untracked 
|  50|0x0000000087800000, 0x0000000087800000, 0x0000000087900000|  0%| F|  |TAMS 0x0000000087800000, 0x0000000087800000| Untracked 
|  51|0x0000000087900000, 0x0000000087900000, 0x0000000087a00000|  0%| F|  |TAMS 0x0000000087900000, 0x0000000087900000| Untracked 
|  52|0x0000000087a00000, 0x0000000087a00000, 0x0000000087b00000|  0%| F|  |TAMS 0x0000000087a00000, 0x0000000087a00000| Untracked 
|  53|0x0000000087b00000, 0x0000000087b00000, 0x0000000087c00000|  0%| F|  |TAMS 0x0000000087b00000, 0x0000000087b00000| Untracked 
|  54|0x0000000087c00000, 0x0000000087c00000, 0x0000000087d00000|  0%| F|  |TAMS 0x0000000087c00000, 0x0000000087c00000| Untracked 
|  96|0x000000008a600000, 0x000000008a600000, 0x000000008a700000|  0%| F|  |TAMS 0x000000008a600000, 0x000000008a600000| Untracked 
|  97|0x000000008a700000, 0x000000008a700000, 0x000000008a800000|  0%| F|  |TAMS 0x000000008a700000, 0x000000008a700000| Untracked 
|  98|0x000000008a800000, 0x000000008a800000, 0x000000008a900000|  0%| F|  |TAMS 0x000000008a800000, 0x000000008a800000| Untracked 
|  99|0x000000008a900000, 0x000000008a900000, 0x000000008aa00000|  0%| F|  |TAMS 0x000000008a900000, 0x000000008a900000| Untracked 
| 100|0x000000008aa00000, 0x000000008aa00000, 0x000000008ab00000|  0%| F|  |TAMS 0x000000008aa00000, 0x000000008aa00000| Untracked 
| 101|0x000000008ab00000, 0x000000008ab00000, 0x000000008ac00000|  0%| F|  |TAMS 0x000000008ab00000, 0x000000008ab00000| Untracked 
| 123|0x000000008c100000, 0x000000008c179a08, 0x000000008c200000| 47%| E|  |TAMS 0x000000008c100000, 0x000000008c100000| Complete 

Card table byte_map: [0x00000150ef950000,0x00000150efd30000] _byte_map_base: 0x00000150ef52d000

Marking Bits (Prev, Next): (CMBitMap*) 0x00000150d89903e0, (CMBitMap*) 0x00000150d89903a0
 Prev Bits: [0x00000150f2000000, 0x00000150f3ee8000)
 Next Bits: [0x00000150f0110000, 0x00000150f1ff8000)

Polling page: 0x00000150d67f0000

Metaspace:

Usage:
  Non-class:     56.34 MB used.
      Class:      8.53 MB used.
       Both:     64.88 MB used.

Virtual space:
  Non-class space:       64.00 MB reserved,      56.56 MB ( 88%) committed,  1 nodes.
      Class space:        1.00 GB reserved,       8.75 MB ( <1%) committed,  1 nodes.
             Both:        1.06 GB reserved,      65.31 MB (  6%) committed. 

Chunk freelists:
   Non-Class:  3.25 MB
       Class:  3.19 MB
        Both:  6.44 MB

MaxMetaspaceSize: unlimited
CompressedClassSpaceSize: 1.00 GB
Initial GC threshold: 21.00 MB
Current GC threshold: 102.44 MB
CDS: on
MetaspaceReclaimPolicy: balanced
 - commit_granule_bytes: 65536.
 - commit_granule_words: 8192.
 - virtual_space_node_default_size: 8388608.
 - enlarge_chunks_in_place: 1.
 - new_chunks_are_fully_committed: 0.
 - uncommit_free_chunks: 1.
 - use_allocation_guard: 0.


Internal statistics:

num_allocs_failed_limit: 6.
num_arena_births: 604.
num_arena_deaths: 6.
num_vsnodes_births: 2.
num_vsnodes_deaths: 0.
num_space_committed: 1045.
num_space_uncommitted: 0.
num_chunks_returned_to_freelist: 15.
num_chunks_taken_from_freelist: 2933.
num_chunk_merges: 6.
num_chunk_splits: 2157.
num_chunks_enlarged: 1799.
num_inconsistent_stats: 0.

CodeHeap 'non-profiled nmethods': size=120000Kb used=4239Kb max_used=4239Kb free=115760Kb
 bounds [0x00000150e7d10000, 0x00000150e8140000, 0x00000150ef240000]
CodeHeap 'profiled nmethods': size=120000Kb used=13711Kb max_used=13711Kb free=106288Kb
 bounds [0x00000150e07e0000, 0x00000150e1550000, 0x00000150e7d10000]
CodeHeap 'non-nmethods': size=5760Kb used=1326Kb max_used=1383Kb free=4433Kb
 bounds [0x00000150e0240000, 0x00000150e04b0000, 0x00000150e07e0000]
 total_blobs=7256 nmethods=6607 adapters=561
 compilation: enabled
              stopped_count=0, restarted_count=0
 full_count=0

Compilation events (20 events):
Event: 1253.982 Thread 0x00000150f692c160 7363       3       org.apache.catalina.util.TLSUtil::isTLSRequestAttribute (248 bytes)
Event: 1253.983 Thread 0x00000150f692c160 nmethod 7363 0x00000150e1542490 code [0x00000150e15426e0, 0x00000150e1542f48]
Event: 1253.983 Thread 0x00000150f692c160 7360       1       org.apache.coyote.Response::getContentLengthLong (5 bytes)
Event: 1253.983 Thread 0x00000150f692c160 nmethod 7360 0x00000150e8132510 code [0x00000150e81326a0, 0x00000150e8132778]
Event: 1253.986 Thread 0x00000150f6925b40 nmethod 7356 0x00000150e8132810 code [0x00000150e81329c0, 0x00000150e8132d58]
Event: 1254.330 Thread 0x00000150f692c160 7364   !   3       org.apache.tomcat.util.http.parser.HttpParser::isNotRequestTargetRelaxed (10 bytes)
Event: 1254.330 Thread 0x00000150f6925b40 7365       4       java.nio.Buffer::checkIndex (9 bytes)
Event: 1254.330 Thread 0x00000150f692c160 nmethod 7364 0x00000150e1543110 code [0x00000150e15432a0, 0x00000150e1543418]
Event: 1254.330 Thread 0x00000150f692c160 7367   !   3       org.apache.tomcat.util.http.parser.HttpParser::isAbsolutePathRelaxed (10 bytes)
Event: 1254.331 Thread 0x00000150f692c160 nmethod 7367 0x00000150e1543590 code [0x00000150e1543720, 0x00000150e1543898]
Event: 1254.331 Thread 0x00000150f692c160 7366       1       org.apache.coyote.AbstractProcessor::getErrorState (5 bytes)
Event: 1254.331 Thread 0x00000150f6925b40 nmethod 7365 0x00000150e8133110 code [0x00000150e8133280, 0x00000150e8133338]
Event: 1254.331 Thread 0x00000150f6925b40 7368       4       java.lang.Boolean::valueOf (14 bytes)
Event: 1254.332 Thread 0x00000150f692c160 nmethod 7366 0x00000150e8133410 code [0x00000150e81335a0, 0x00000150e8133678]
Event: 1254.332 Thread 0x00000150f6925b40 nmethod 7368 0x00000150e8133710 code [0x00000150e8133880, 0x00000150e81338f8]
Event: 1254.332 Thread 0x00000150f692c160 7369       3       org.apache.catalina.connector.RequestFacade::getContextPath (31 bytes)
Event: 1254.332 Thread 0x00000150f692c160 nmethod 7369 0x00000150e1543a10 code [0x00000150e1543be0, 0x00000150e1543e88]
Event: 1254.332 Thread 0x00000150f692c160 7371   !   3       org.apache.tomcat.util.buf.StringCache::toString (615 bytes)
Event: 1254.347 Thread 0x00000150f6925b40 7380       4       java.nio.HeapByteBuffer::put (16 bytes)
Event: 1254.350 Thread 0x00000150f6925b40 nmethod 7380 0x00000150e8133a10 code [0x00000150e8133b80, 0x00000150e8133c78]

GC Heap History (20 events):
Event: 23.505 GC heap before
{Heap before GC invocations=22 (full 0):
 garbage-first heap   total 56320K, used 33867K [0x0000000084600000, 0x0000000100000000)
  region size 1024K, 3 young (3072K), 2 survivors (2048K)
 Metaspace       used 57118K, committed 57536K, reserved 1114112K
  class space    used 7549K, committed 7744K, reserved 1048576K
}
Event: 23.509 GC heap after
{Heap after GC invocations=23 (full 0):
 garbage-first heap   total 56320K, used 32943K [0x0000000084600000, 0x0000000100000000)
  region size 1024K, 1 young (1024K), 1 survivors (1024K)
 Metaspace       used 57118K, committed 57536K, reserved 1114112K
  class space    used 7549K, committed 7744K, reserved 1048576K
}
Event: 24.382 GC heap before
{Heap before GC invocations=23 (full 0):
 garbage-first heap   total 56320K, used 44207K [0x0000000084600000, 0x0000000100000000)
  region size 1024K, 12 young (12288K), 1 survivors (1024K)
 Metaspace       used 58180K, committed 58624K, reserved 1114112K
  class space    used 7689K, committed 7936K, reserved 1048576K
}
Event: 24.385 GC heap after
{Heap after GC invocations=24 (full 0):
 garbage-first heap   total 56320K, used 34091K [0x0000000084600000, 0x0000000100000000)
  region size 1024K, 2 young (2048K), 2 survivors (2048K)
 Metaspace       used 58180K, committed 58624K, reserved 1114112K
  class space    used 7689K, committed 7936K, reserved 1048576K
}
Event: 25.129 GC heap before
{Heap before GC invocations=25 (full 0):
 garbage-first heap   total 60416K, used 45355K [0x0000000084600000, 0x0000000100000000)
  region size 1024K, 13 young (13312K), 2 survivors (2048K)
 Metaspace       used 59497K, committed 60032K, reserved 1114112K
  class space    used 7851K, committed 8128K, reserved 1048576K
}
Event: 25.134 GC heap after
{Heap after GC invocations=26 (full 0):
 garbage-first heap   total 60416K, used 35321K [0x0000000084600000, 0x0000000100000000)
  region size 1024K, 2 young (2048K), 2 survivors (2048K)
 Metaspace       used 59497K, committed 60032K, reserved 1114112K
  class space    used 7851K, committed 8128K, reserved 1048576K
}
Event: 25.227 GC heap before
{Heap before GC invocations=26 (full 0):
 garbage-first heap   total 60416K, used 36345K [0x0000000084600000, 0x0000000100000000)
  region size 1024K, 3 young (3072K), 2 survivors (2048K)
 Metaspace       used 59733K, committed 60224K, reserved 1114112K
  class space    used 7887K, committed 8128K, reserved 1048576K
}
Event: 25.230 GC heap after
{Heap after GC invocations=27 (full 0):
 garbage-first heap   total 60416K, used 35004K [0x0000000084600000, 0x0000000100000000)
  region size 1024K, 1 young (1024K), 1 survivors (1024K)
 Metaspace       used 59733K, committed 60224K, reserved 1114112K
  class space    used 7887K, committed 8128K, reserved 1048576K
}
Event: 26.091 GC heap before
{Heap before GC invocations=27 (full 0):
 garbage-first heap   total 60416K, used 47292K [0x0000000084600000, 0x0000000100000000)
  region size 1024K, 14 young (14336K), 1 survivors (1024K)
 Metaspace       used 62315K, committed 62784K, reserved 1114112K
  class space    used 8276K, committed 8512K, reserved 1048576K
}
Event: 26.095 GC heap after
{Heap after GC invocations=28 (full 0):
 garbage-first heap   total 60416K, used 35944K [0x0000000084600000, 0x0000000100000000)
  region size 1024K, 2 young (2048K), 2 survivors (2048K)
 Metaspace       used 62315K, committed 62784K, reserved 1114112K
  class space    used 8276K, committed 8512K, reserved 1048576K
}
Event: 275.970 GC heap before
{Heap before GC invocations=29 (full 0):
 garbage-first heap   total 63488K, used 48232K [0x0000000084600000, 0x0000000100000000)
  region size 1024K, 14 young (14336K), 2 survivors (2048K)
 Metaspace       used 62716K, committed 63104K, reserved 1114112K
  class space    used 8314K, committed 8512K, reserved 1048576K
}
Event: 276.033 GC heap after
{Heap after GC invocations=30 (full 0):
 garbage-first heap   total 63488K, used 36128K [0x0000000084600000, 0x0000000100000000)
  region size 1024K, 1 young (1024K), 1 survivors (1024K)
 Metaspace       used 62716K, committed 63104K, reserved 1114112K
  class space    used 8314K, committed 8512K, reserved 1048576K
}
Event: 596.068 GC heap before
{Heap before GC invocations=30 (full 0):
 garbage-first heap   total 63488K, used 50464K [0x0000000084600000, 0x0000000100000000)
  region size 1024K, 15 young (15360K), 1 survivors (1024K)
 Metaspace       used 62750K, committed 63232K, reserved 1114112K
  class space    used 8314K, committed 8512K, reserved 1048576K
}
Event: 596.073 GC heap after
{Heap after GC invocations=31 (full 0):
 garbage-first heap   total 63488K, used 36081K [0x0000000084600000, 0x0000000100000000)
  region size 1024K, 1 young (1024K), 1 survivors (1024K)
 Metaspace       used 62750K, committed 63232K, reserved 1114112K
  class space    used 8314K, committed 8512K, reserved 1048576K
}
Event: 941.974 GC heap before
{Heap before GC invocations=31 (full 0):
 garbage-first heap   total 63488K, used 51441K [0x0000000084600000, 0x0000000100000000)
  region size 1024K, 16 young (16384K), 1 survivors (1024K)
 Metaspace       used 62762K, committed 63232K, reserved 1114112K
  class space    used 8314K, committed 8512K, reserved 1048576K
}
Event: 942.022 GC heap after
{Heap after GC invocations=32 (full 0):
 garbage-first heap   total 63488K, used 36042K [0x0000000084600000, 0x0000000100000000)
  region size 1024K, 1 young (1024K), 1 survivors (1024K)
 Metaspace       used 62762K, committed 63232K, reserved 1114112K
  class space    used 8314K, committed 8512K, reserved 1048576K
}
Event: 995.866 GC heap before
{Heap before GC invocations=32 (full 0):
 garbage-first heap   total 63488K, used 50378K [0x0000000084600000, 0x0000000100000000)
  region size 1024K, 16 young (16384K), 1 survivors (1024K)
 Metaspace       used 66122K, committed 66688K, reserved 1114112K
  class space    used 8704K, committed 8960K, reserved 1048576K
}
Event: 995.881 GC heap after
{Heap after GC invocations=33 (full 0):
 garbage-first heap   total 63488K, used 37069K [0x0000000084600000, 0x0000000100000000)
  region size 1024K, 2 young (2048K), 2 survivors (2048K)
 Metaspace       used 66122K, committed 66688K, reserved 1114112K
  class space    used 8704K, committed 8960K, reserved 1048576K
}
Event: 1253.398 GC heap before
{Heap before GC invocations=33 (full 0):
 garbage-first heap   total 63488K, used 51405K [0x0000000084600000, 0x0000000100000000)
  region size 1024K, 16 young (16384K), 2 survivors (2048K)
 Metaspace       used 66413K, committed 66880K, reserved 1114112K
  class space    used 8736K, committed 8960K, reserved 1048576K
}
Event: 1253.455 GC heap after
{Heap after GC invocations=34 (full 0):
 garbage-first heap   total 63488K, used 37327K [0x0000000084600000, 0x0000000100000000)
  region size 1024K, 2 young (2048K), 2 survivors (2048K)
 Metaspace       used 66413K, committed 66880K, reserved 1114112K
  class space    used 8736K, committed 8960K, reserved 1048576K
}

Deoptimization events (20 events):
Event: 988.612 Thread 0x00000150fe6ff4d0 Uncommon trap: trap_request=0xffffffde fr.pc=0x00000150e8099110 relative=0x0000000000000f50
Event: 988.612 Thread 0x00000150fe6ff4d0 Uncommon trap: reason=class_check action=maybe_recompile pc=0x00000150e8099110 method=java.util.concurrent.ConcurrentHashMap.putVal(Ljava/lang/Object;Ljava/lang/Object;Z)Ljava/lang/Object; @ 159 c2
Event: 988.612 Thread 0x00000150fe6ff4d0 DEOPT PACKING pc=0x00000150e8099110 sp=0x00000032ac8faf90
Event: 988.612 Thread 0x00000150fe6ff4d0 DEOPT UNPACKING pc=0x00000150e02923a3 sp=0x00000032ac8faf10 mode 2
Event: 988.912 Thread 0x00000150fe6ff4d0 Uncommon trap: trap_request=0xffffff45 fr.pc=0x00000150e8077dfc relative=0x00000000000002bc
Event: 988.912 Thread 0x00000150fe6ff4d0 Uncommon trap: reason=unstable_if action=reinterpret pc=0x00000150e8077dfc method=java.util.concurrent.ConcurrentHashMap.get(Ljava/lang/Object;)Ljava/lang/Object; @ 99 c2
Event: 988.912 Thread 0x00000150fe6ff4d0 DEOPT PACKING pc=0x00000150e8077dfc sp=0x00000032ac8fb0b0
Event: 988.913 Thread 0x00000150fe6ff4d0 DEOPT UNPACKING pc=0x00000150e02923a3 sp=0x00000032ac8fb028 mode 2
Event: 989.292 Thread 0x00000150fe700810 Uncommon trap: trap_request=0xffffff45 fr.pc=0x00000150e7dff9b8 relative=0x00000000000001b8
Event: 989.292 Thread 0x00000150fe700810 Uncommon trap: reason=unstable_if action=reinterpret pc=0x00000150e7dff9b8 method=java.lang.StringLatin1.indexOf([B[B)I @ 9 c2
Event: 989.292 Thread 0x00000150fe700810 DEOPT PACKING pc=0x00000150e7dff9b8 sp=0x00000032acafdf60
Event: 989.292 Thread 0x00000150fe700810 DEOPT UNPACKING pc=0x00000150e02923a3 sp=0x00000032acafdef0 mode 2
Event: 999.240 Thread 0x00000150fe702020 Uncommon trap: trap_request=0xffffffde fr.pc=0x00000150e807e9f4 relative=0x00000000000036b4
Event: 999.241 Thread 0x00000150fe702020 Uncommon trap: reason=class_check action=maybe_recompile pc=0x00000150e807e9f4 method=org.springframework.beans.factory.support.AbstractBeanFactory.isSingleton(Ljava/lang/String;)Z @ 32 c2
Event: 999.241 Thread 0x00000150fe702020 DEOPT PACKING pc=0x00000150e807e9f4 sp=0x00000032accfb440
Event: 999.241 Thread 0x00000150fe702020 DEOPT UNPACKING pc=0x00000150e02923a3 sp=0x00000032accfb330 mode 2
Event: 999.385 Thread 0x00000150fe702020 Uncommon trap: trap_request=0xffffff54 fr.pc=0x00000150e7f3f34c relative=0x000000000000028c
Event: 999.385 Thread 0x00000150fe702020 Uncommon trap: reason=speculate_null_assert action=make_not_entrant pc=0x00000150e7f3f34c method=org.springframework.util.ClassUtils.isAssignable(Ljava/lang/Class;Ljava/lang/Class;)Z @ 67 c2
Event: 999.385 Thread 0x00000150fe702020 DEOPT PACKING pc=0x00000150e7f3f34c sp=0x00000032accfabf0
Event: 999.385 Thread 0x00000150fe702020 DEOPT UNPACKING pc=0x00000150e02923a3 sp=0x00000032accfab98 mode 2

Classes loaded (20 events):
Event: 986.925 Loading class sun/nio/cs/ThreadLocalCoders$1
Event: 986.925 Loading class sun/nio/cs/ThreadLocalCoders$Cache
Event: 986.926 Loading class sun/nio/cs/ThreadLocalCoders$Cache done
Event: 986.926 Loading class sun/nio/cs/ThreadLocalCoders$1 done
Event: 986.926 Loading class sun/nio/cs/ThreadLocalCoders$2
Event: 986.926 Loading class sun/nio/cs/ThreadLocalCoders$2 done
Event: 987.465 Loading class java/time/format/DateTimeFormatterBuilder$ZoneTextPrinterParser
Event: 987.466 Loading class java/time/format/DateTimeFormatterBuilder$ZoneTextPrinterParser done
Event: 987.468 Loading class java/time/format/DateTimeFormatterBuilder$ReducedPrinterParser
Event: 987.469 Loading class java/time/format/DateTimeFormatterBuilder$ReducedPrinterParser done
Event: 988.436 Loading class java/util/function/LongSupplier
Event: 988.436 Loading class java/util/function/LongSupplier done
Event: 988.773 Loading class org/w3c/dom/Document
Event: 988.774 Loading class org/w3c/dom/Document done
Event: 988.879 Loading class java/util/concurrent/atomic/AtomicReferenceArray
Event: 988.880 Loading class java/util/concurrent/atomic/AtomicReferenceArray done
Event: 999.352 Loading class java/util/stream/ReduceOps$1
Event: 999.353 Loading class java/util/stream/ReduceOps$1 done
Event: 999.353 Loading class java/util/stream/ReduceOps$1ReducingSink
Event: 999.354 Loading class java/util/stream/ReduceOps$1ReducingSink done

Classes unloaded (3 events):
Event: 24.455 Thread 0x00000150d89af340 Unloading class 0x0000000801394800 'jdk/internal/reflect/GeneratedSerializationConstructorAccessor3'
Event: 24.455 Thread 0x00000150d89af340 Unloading class 0x0000000801394400 'jdk/internal/reflect/GeneratedSerializationConstructorAccessor2'
Event: 24.455 Thread 0x00000150d89af340 Unloading class 0x0000000801388000 'jdk/internal/reflect/GeneratedSerializationConstructorAccessor1'

Classes redefined (0 events):
No events

Internal exceptions (20 events):
Event: 24.898 Thread 0x00000150fb7e53e0 Exception <a 'java/lang/ClassNotFoundException'{0x00000000879fe660}: org/springframework/context/annotation/ImportAwareCustomizer> (0x00000000879fe660) 
thrown [s\open\src\hotspot\share\classfile\systemDictionary.cpp, line 255]
Event: 24.900 Thread 0x00000150fb7e53e0 Exception <a 'java/lang/ClassNotFoundException'{0x0000000087802a48}: org/springframework/beans/factory/AwareCustomizer> (0x0000000087802a48) 
thrown [s\open\src\hotspot\share\classfile\systemDictionary.cpp, line 255]
Event: 24.902 Thread 0x00000150fb7e53e0 Exception <a 'java/lang/ClassNotFoundException'{0x0000000087805cb8}: org/springframework/beans/factory/BeanClassLoaderAwareCustomizer> (0x0000000087805cb8) 
thrown [s\open\src\hotspot\share\classfile\systemDictionary.cpp, line 255]
Event: 24.904 Thread 0x00000150fb7e53e0 Exception <a 'java/lang/ClassNotFoundException'{0x0000000087809b98}: org/springframework/beans/factory/AwareCustomizer> (0x0000000087809b98) 
thrown [s\open\src\hotspot\share\classfile\systemDictionary.cpp, line 255]
Event: 25.056 Thread 0x00000150fb7e53e0 Implicit null exception at 0x00000150e7feb7d3 to 0x00000150e7feba2c
Event: 25.414 Thread 0x00000150fb7e53e0 Exception <a 'java/lang/NullPointerException'{0x000000008a974a80}> (0x000000008a974a80) 
thrown [s\open\src\hotspot\share\interpreter\linkResolver.cpp, line 1433]
Event: 25.854 Thread 0x00000150fb7e53e0 Exception <a 'java/lang/ClassNotFoundException'{0x00000000876587f0}: java/lang/ObjectCustomizer> (0x00000000876587f0) 
thrown [s\open\src\hotspot\share\classfile\systemDictionary.cpp, line 255]
Event: 25.856 Thread 0x00000150fb7e53e0 Exception <a 'java/lang/ClassNotFoundException'{0x000000008765f4f8}: org/springframework/security/config/annotation/web/configuration/HttpSecurityConfigurationCustomizer> (0x000000008765f4f8) 
thrown [s\open\src\hotspot\share\classfile\systemDictionary.cpp, line 255]
Event: 26.064 Thread 0x00000150fb7e53e0 Exception <a 'java/lang/NoSuchMethodError'{0x00000000874ba0b0}: 'java.lang.Object java.lang.invoke.DirectMethodHandle$Holder.invokeSpecial(java.lang.Object, java.lang.Object, int, java.lang.Object, int, java.lang.Object)'> (0x00000000874ba0b0) 
thrown [s\open\src\hotspot\share\interpreter\linkResolver.cpp, line 759]
Event: 26.065 Thread 0x00000150fb7e53e0 Exception <a 'java/lang/NoSuchMethodError'{0x00000000874c20f0}: 'java.lang.Object java.lang.invoke.DirectMethodHandle$Holder.newInvokeSpecial(java.lang.Object, java.lang.Object, int, java.lang.Object, int)'> (0x00000000874c20f0) 
thrown [s\open\src\hotspot\share\interpreter\linkResolver.cpp, line 759]
Event: 26.066 Thread 0x00000150fb7e53e0 Exception <a 'java/lang/NoSuchMethodError'{0x00000000874c6440}: 'java.lang.Object java.lang.invoke.DirectMethodHandle$Holder.invokeSpecial(java.lang.Object, java.lang.Object, java.lang.Object, int, java.lang.Object, int)'> (0x00000000874c6440) 
thrown [s\open\src\hotspot\share\interpreter\linkResolver.cpp, line 759]
Event: 987.616 Thread 0x00000150fe6ff4d0 Exception <a 'java/lang/NoSuchMethodError'{0x000000008a7bf448}: 'int java.lang.invoke.DirectMethodHandle$Holder.invokeVirtual(java.lang.Object, java.lang.Object, int)'> (0x000000008a7bf448) 
thrown [s\open\src\hotspot\share\interpreter\linkResolver.cpp, line 759]
Event: 988.336 Thread 0x00000150fe6ff4d0 Exception <a 'java/lang/NoSuchMethodError'{0x0000000087926960}: 'java.lang.Object java.lang.invoke.DirectMethodHandle$Holder.invokeStaticInit(java.lang.Object, java.lang.Object, java.lang.Object, java.lang.Object, java.lang.Object, java.lang.Object)'> (0x0000000087926960) 
thrown [s\open\src\hotspot\share\interpreter\linkResolver.cpp, line 759]
Event: 988.561 Thread 0x00000150fe6ff4d0 Exception <a 'java/lang/NoSuchMethodError'{0x0000000087830010}: 'java.lang.Object java.lang.invoke.DirectMethodHandle$Holder.newInvokeSpecial(java.lang.Object, long)'> (0x0000000087830010) 
thrown [s\open\src\hotspot\share\interpreter\linkResolver.cpp, line 759]
Event: 989.185 Thread 0x00000150fe6ff4d0 Exception <a 'java/lang/IncompatibleClassChangeError'{0x000000008753d308}: Found class java.lang.Object, but interface was expected> (0x000000008753d308) 
thrown [s\open\src\hotspot\share\interpreter\linkResolver.cpp, line 826]
Event: 989.198 Thread 0x00000150fe6ff4d0 Exception <a 'java/lang/NoSuchMethodError'{0x000000008755d850}: 'long java.lang.invoke.DirectMethodHandle$Holder.invokeVirtual(java.lang.Object, java.lang.Object)'> (0x000000008755d850) 
thrown [s\open\src\hotspot\share\interpreter\linkResolver.cpp, line 759]
Event: 989.202 Thread 0x00000150fe6ff4d0 Exception <a 'java/lang/IncompatibleClassChangeError'{0x0000000087561fe8}: Found class java.lang.Object, but interface was expected> (0x0000000087561fe8) 
thrown [s\open\src\hotspot\share\interpreter\linkResolver.cpp, line 826]
Event: 989.202 Thread 0x00000150fe6ff4d0 Exception <a 'java/lang/IncompatibleClassChangeError'{0x0000000087563028}: Found class java.lang.Object, but interface was expected> (0x0000000087563028) 
thrown [s\open\src\hotspot\share\interpreter\linkResolver.cpp, line 826]
Event: 989.204 Thread 0x00000150fe6ff4d0 Exception <a 'java/lang/IncompatibleClassChangeError'{0x0000000087566bb8}: Found class java.lang.Object, but interface was expected> (0x0000000087566bb8) 
thrown [s\open\src\hotspot\share\interpreter\linkResolver.cpp, line 826]
Event: 996.443 Thread 0x00000150fe7011b0 Exception <a 'java/lang/NoSuchMethodError'{0x000000008c150700}: 'java.lang.Object java.lang.invoke.DirectMethodHandle$Holder.invokeInterface(java.lang.Object, java.lang.Object, java.lang.Object, java.lang.Object, java.lang.Object)'> (0x000000008c150700) 
thrown [s\open\src\hotspot\share\interpreter\linkResolver.cpp, line 759]

VM Operations (20 events):
Event: 1013.001 Executing VM operation: Cleanup
Event: 1013.001 Executing VM operation: Cleanup done
Event: 1050.248 Executing VM operation: Cleanup
Event: 1050.248 Executing VM operation: Cleanup done
Event: 1051.263 Executing VM operation: Cleanup
Event: 1051.264 Executing VM operation: Cleanup done
Event: 1092.614 Executing VM operation: Cleanup
Event: 1092.614 Executing VM operation: Cleanup done
Event: 1102.678 Executing VM operation: Cleanup
Event: 1102.678 Executing VM operation: Cleanup done
Event: 1170.244 Executing VM operation: Cleanup
Event: 1170.245 Executing VM operation: Cleanup done
Event: 1247.815 Executing VM operation: Cleanup
Event: 1247.815 Executing VM operation: Cleanup done
Event: 1250.838 Executing VM operation: Cleanup
Event: 1250.839 Executing VM operation: Cleanup done
Event: 1252.859 Executing VM operation: Cleanup
Event: 1252.859 Executing VM operation: Cleanup done
Event: 1253.397 Executing VM operation: G1CollectForAllocation
Event: 1253.455 Executing VM operation: G1CollectForAllocation done

Events (20 events):
Event: 26.035 Thread 0x00000150fe7024f0 Thread added: 0x00000150fe7024f0
Event: 26.087 Thread 0x00000150fe6ff4d0 Thread added: 0x00000150fe6ff4d0
Event: 26.088 Thread 0x00000150fe700810 Thread added: 0x00000150fe700810
Event: 26.088 Thread 0x00000150fe7011b0 Thread added: 0x00000150fe7011b0
Event: 26.088 Thread 0x00000150fe702020 Thread added: 0x00000150fe702020
Event: 26.089 Thread 0x00000150fe6feb30 Thread added: 0x00000150fe6feb30
Event: 26.089 Thread 0x00000150fe701b50 Thread added: 0x00000150fe701b50
Event: 26.089 Thread 0x00000150fe6ff000 Thread added: 0x00000150fe6ff000
Event: 26.090 Thread 0x00000150fe6ff9a0 Thread added: 0x00000150fe6ff9a0
Event: 26.090 Thread 0x00000150fe700340 Thread added: 0x00000150fe700340
Event: 26.091 Thread 0x00000150fe700ce0 Thread added: 0x00000150fe700ce0
Event: 26.187 Thread 0x000001508082b7c0 Thread added: 0x000001508082b7c0
Event: 26.190 Thread 0x000001508082b2f0 Thread added: 0x000001508082b2f0
Event: 26.665 Thread 0x00000150fe162010 Thread exited: 0x00000150fe162010
Event: 26.809 Thread 0x00000150fb7e53e0 Thread exited: 0x00000150fb7e53e0
Event: 26.815 Thread 0x00000150fb2f4280 Thread exited: 0x00000150fb2f4280
Event: 26.816 Thread 0x00000150d89328d0 Thread exited: 0x00000150d89328d0
Event: 26.816 Thread 0x000001508082d970 Thread added: 0x000001508082d970
Event: 1250.250 Thread 0x00000150fe15f280 Thread added: 0x00000150fe15f280
Event: 1251.883 Thread 0x00000150fe15f280 Thread exited: 0x00000150fe15f280


Dynamic libraries:
0x00007ff7a4440000 - 0x00007ff7a4450000 	C:\Program Files\Java\jdk-18.0.2.1\bin\java.exe
0x00007ffe08f70000 - 0x00007ffe09184000 	C:\Windows\SYSTEM32\ntdll.dll
0x00007ffe082d0000 - 0x00007ffe08393000 	C:\Windows\System32\KERNEL32.DLL
0x00007ffe065e0000 - 0x00007ffe0697c000 	C:\Windows\System32\KERNELBASE.dll
0x00007ffdf6720000 - 0x00007ffdf6738000 	C:\Program Files\Java\jdk-18.0.2.1\bin\jli.dll
0x00007ffdf6700000 - 0x00007ffdf671a000 	C:\Program Files\Java\jdk-18.0.2.1\bin\VCRUNTIME140.dll
0x00007ffe07910000 - 0x00007ffe079be000 	C:\Windows\System32\ADVAPI32.dll
0x00007ffe08420000 - 0x00007ffe084c7000 	C:\Windows\System32\msvcrt.dll
0x00007ffe063b0000 - 0x00007ffe064c1000 	C:\Windows\System32\ucrtbase.dll
0x00007ffe08220000 - 0x00007ffe082c4000 	C:\Windows\System32\sechost.dll
0x00007ffe08d80000 - 0x00007ffe08e95000 	C:\Windows\System32\RPCRT4.dll
0x00007ffe079c0000 - 0x00007ffe07b6d000 	C:\Windows\System32\USER32.dll
0x00007ffde3650000 - 0x00007ffde38de000 	C:\Windows\WinSxS\amd64_microsoft.windows.common-controls_6595b64144ccf1df_6.0.22621.608_none_a9444ca7c10bb01d\COMCTL32.dll
0x00007ffe06d50000 - 0x00007ffe06d76000 	C:\Windows\System32\win32u.dll
0x00007ffe07c50000 - 0x00007ffe07c79000 	C:\Windows\System32\GDI32.dll
0x00007ffe06b70000 - 0x00007ffe06c82000 	C:\Windows\System32\gdi32full.dll
0x00007ffe06540000 - 0x00007ffe065da000 	C:\Windows\System32\msvcp_win.dll
0x00007ffdf3cf0000 - 0x00007ffdf3cfa000 	C:\Windows\SYSTEM32\VERSION.dll
0x00007ffe06ea0000 - 0x00007ffe06ed2000 	C:\Windows\System32\IMM32.DLL
0x00000150d6810000 - 0x00000150d6824000 	C:\Windows\System32\umppc16510.dll
0x00007ffe04cb0000 - 0x00007ffe04dc0000 	C:\Program Files\Avecto\Privilege Guard Client\PGHook.dll
0x00007ffdf66f0000 - 0x00007ffdf66fc000 	C:\Program Files\Java\jdk-18.0.2.1\bin\vcruntime140_1.dll
0x00007ffdeffa0000 - 0x00007ffdf002d000 	C:\Program Files\Java\jdk-18.0.2.1\bin\msvcp140.dll
0x00007ffd83d80000 - 0x00007ffd84991000 	C:\Program Files\Java\jdk-18.0.2.1\bin\server\jvm.dll
0x00007ffe07c80000 - 0x00007ffe07c88000 	C:\Windows\System32\PSAPI.DLL
0x00007ffde3920000 - 0x00007ffde3929000 	C:\Windows\SYSTEM32\WSOCK32.dll
0x00007ffe06d80000 - 0x00007ffe06df1000 	C:\Windows\System32\WS2_32.dll
0x00007ffdfbda0000 - 0x00007ffdfbdd4000 	C:\Windows\SYSTEM32\WINMM.dll
0x00007ffe05380000 - 0x00007ffe05398000 	C:\Windows\SYSTEM32\kernel.appcore.dll
0x00007ffdf59c0000 - 0x00007ffdf59ca000 	C:\Program Files\Java\jdk-18.0.2.1\bin\jimage.dll
0x00007ffe038d0000 - 0x00007ffe03afe000 	C:\Windows\SYSTEM32\DBGHELP.DLL
0x00007ffe08850000 - 0x00007ffe08bda000 	C:\Windows\System32\combase.dll
0x00007ffe07b70000 - 0x00007ffe07c47000 	C:\Windows\System32\OLEAUT32.dll
0x00007ffdea180000 - 0x00007ffdea1b2000 	C:\Windows\SYSTEM32\dbgcore.DLL
0x00007ffe06980000 - 0x00007ffe069fb000 	C:\Windows\System32\bcryptPrimitives.dll
0x00007ffdfb410000 - 0x00007ffdfb41e000 	C:\Program Files\Java\jdk-18.0.2.1\bin\instrument.dll
0x00007ffdf5990000 - 0x00007ffdf59b5000 	C:\Program Files\Java\jdk-18.0.2.1\bin\java.dll
0x00007ffdd12b0000 - 0x00007ffdd1386000 	C:\Program Files\Java\jdk-18.0.2.1\bin\jsvml.dll
0x00007ffe06f60000 - 0x00007ffe0774f000 	C:\Windows\System32\SHELL32.dll
0x00007ffe041a0000 - 0x00007ffe04a68000 	C:\Windows\SYSTEM32\windows.storage.dll
0x00007ffe04060000 - 0x00007ffe0419e000 	C:\Windows\SYSTEM32\wintypes.dll
0x00007ffe086f0000 - 0x00007ffe087e1000 	C:\Windows\System32\SHCORE.dll
0x00007ffe083b0000 - 0x00007ffe0840e000 	C:\Windows\System32\shlwapi.dll
0x00007ffe062e0000 - 0x00007ffe06301000 	C:\Windows\SYSTEM32\profapi.dll
0x00007ffdf03b0000 - 0x00007ffdf03c8000 	C:\Program Files\Java\jdk-18.0.2.1\bin\zip.dll
0x00007ffdf07f0000 - 0x00007ffdf0803000 	C:\Program Files\Java\jdk-18.0.2.1\bin\net.dll
0x00007ffe053f0000 - 0x00007ffe0551f000 	C:\Windows\SYSTEM32\WINHTTP.dll
0x00007ffe05960000 - 0x00007ffe059c9000 	C:\Windows\system32\mswsock.dll
0x00007ffdf0490000 - 0x00007ffdf04a6000 	C:\Program Files\Java\jdk-18.0.2.1\bin\nio.dll
0x00007ffdf2f90000 - 0x00007ffdf2faa000 	C:\Program Files\JetBrains\IntelliJ IDEA Community Edition 2022.2.1\bin\breakgen64.dll
0x00007ffdf1570000 - 0x00007ffdf1580000 	C:\Program Files\Java\jdk-18.0.2.1\bin\verify.dll
0x00007ffdfe3e0000 - 0x00007ffdfe3e9000 	C:\Program Files\Java\jdk-18.0.2.1\bin\management.dll
0x00007ffdfbf20000 - 0x00007ffdfbf2b000 	C:\Program Files\Java\jdk-18.0.2.1\bin\management_ext.dll
0x00007ffde1760000 - 0x00007ffde1777000 	C:\Windows\system32\napinsp.dll
0x00007ffde1740000 - 0x00007ffde175b000 	C:\Windows\system32\pnrpnsp.dll
0x00007ffe04e70000 - 0x00007ffe04f63000 	C:\Windows\SYSTEM32\DNSAPI.dll
0x00007ffe04e40000 - 0x00007ffe04e6d000 	C:\Windows\SYSTEM32\IPHLPAPI.DLL
0x00007ffe083a0000 - 0x00007ffe083a9000 	C:\Windows\System32\NSI.dll
0x00007ffde16e0000 - 0x00007ffde16f1000 	C:\Windows\System32\winrnr.dll
0x00007ffde0a30000 - 0x00007ffde0a45000 	C:\Windows\system32\wshbth.dll
0x00007ffde0a00000 - 0x00007ffde0a21000 	C:\Windows\system32\nlansp_c.dll
0x00007ffdfe140000 - 0x00007ffdfe14a000 	C:\Windows\System32\rasadhlp.dll
0x00007ffdfce70000 - 0x00007ffdfcef3000 	C:\Windows\System32\fwpuclnt.dll
0x00007ffe05c00000 - 0x00007ffe05c1b000 	C:\Windows\SYSTEM32\CRYPTSP.dll
0x00007ffe05340000 - 0x00007ffe05375000 	C:\Windows\system32\rsaenh.dll
0x00007ffe05a00000 - 0x00007ffe05a28000 	C:\Windows\SYSTEM32\USERENV.dll
0x00007ffe05d20000 - 0x00007ffe05d48000 	C:\Windows\SYSTEM32\bcrypt.dll
0x00007ffe05be0000 - 0x00007ffe05bec000 	C:\Windows\SYSTEM32\CRYPTBASE.dll
0x00007ffdfc6d0000 - 0x00007ffdfc6e9000 	C:\Windows\SYSTEM32\dhcpcsvc6.DLL
0x00007ffdfc6b0000 - 0x00007ffdfc6cf000 	C:\Windows\SYSTEM32\dhcpcsvc.DLL
0x00007ffdfb400000 - 0x00007ffdfb40e000 	C:\Program Files\Java\jdk-18.0.2.1\bin\sunmscapi.dll
0x00007ffe06a00000 - 0x00007ffe06b66000 	C:\Windows\System32\CRYPT32.dll
0x00007ffe05cf0000 - 0x00007ffe05d1d000 	C:\Windows\SYSTEM32\ncrypt.dll
0x00007ffe05cb0000 - 0x00007ffe05ce7000 	C:\Windows\SYSTEM32\NTASN1.dll

dbghelp: loaded successfully - version: 4.0.5 - missing functions: none
symbol engine: initialized successfully - sym options: 0x614 - pdb path: .;C:\Program Files\Java\jdk-18.0.2.1\bin;C:\Windows\SYSTEM32;C:\Windows\WinSxS\amd64_microsoft.windows.common-controls_6595b64144ccf1df_6.0.22621.608_none_a9444ca7c10bb01d;C:\Program Files\Avecto\Privilege Guard Client;C:\Program Files\Java\jdk-18.0.2.1\bin\server;C:\Program Files\JetBrains\IntelliJ IDEA Community Edition 2022.2.1\bin

VM Arguments:
jvm_args: -javaagent:C:\Program Files\JetBrains\IntelliJ IDEA Community Edition 2022.2.1\lib\idea_rt.jar=54008:C:\Program Files\JetBrains\IntelliJ IDEA Community Edition 2022.2.1\bin -Dfile.encoding=UTF-8 -Dsun.stdout.encoding=UTF-8 -Dsun.stderr.encoding=UTF-8 
java_command: com.bguerra.springboot.backend.apirest.proyectoAngularSpring.ProyectoAngularSpringApplication
java_class_path (initial): C:\Users\briguerr\AngularProject\app\proyectoAngularSpring\target\classes;C:\Users\briguerr\.m2\repository\org\springframework\boot\spring-boot-starter-data-jpa\2.5.14\spring-boot-starter-data-jpa-2.5.14.jar;C:\Users\briguerr\.m2\repository\org\springframework\boot\spring-boot-starter-aop\2.5.14\spring-boot-starter-aop-2.5.14.jar;C:\Users\briguerr\.m2\repository\org\springframework\spring-aop\5.3.20\spring-aop-5.3.20.jar;C:\Users\briguerr\.m2\repository\org\aspectj\aspectjweaver\1.9.7\aspectjweaver-1.9.7.jar;C:\Users\briguerr\.m2\repository\org\springframework\boot\spring-boot-starter-jdbc\2.5.14\spring-boot-starter-jdbc-2.5.14.jar;C:\Users\briguerr\.m2\repository\com\zaxxer\HikariCP\4.0.3\HikariCP-4.0.3.jar;C:\Users\briguerr\.m2\repository\org\springframework\spring-jdbc\5.3.20\spring-jdbc-5.3.20.jar;C:\Users\briguerr\.m2\repository\jakarta\transaction\jakarta.transaction-api\1.3.3\jakarta.transaction-api-1.3.3.jar;C:\Users\briguerr\.m2\repository\jakarta\persistence\jakarta.persistence-api\2.2.3\jakarta.persistence-api-2.2.3.jar;C:\Users\briguerr\.m2\repository\org\hibernate\hibernate-core\5.4.33\hibernate-core-5.4.33.jar;C:\Users\briguerr\.m2\repository\org\jboss\logging\jboss-logging\3.4.3.Final\jboss-logging-3.4.3.Final.jar;C:\Users\briguerr\.m2\repository\org\javassist\javassist\3.27.0-GA\javassist-3.27.0-GA.jar;C:\Users\briguerr\.m2\repository\net\bytebuddy\byte-buddy\1.10.22\byte-buddy-1.10.22.jar;C:\Users\briguerr\.m2\repository\antlr\antlr\2.7.7\antlr-2.7.7.jar;C:\Users\briguerr\.m2\repository\org\jboss\jandex\2.2.3.Final\jandex-2.2.3.Final.jar;C:\Users\briguerr\.m2\repository\com\fasterxml\classmate\1.5.1\classmate-1.5.1.jar;C:\Users\briguerr\.m2\repository\org\dom4j\dom4j\2.1.3\dom4j-2.1.3.jar;C:\Users\briguerr\.m2\repository\org\hibernate\common\hibernate-commons-annotations\5.1.2.Final\hibernate-commons-annotations-5.1.2.Final.jar;C:\Users\briguerr\.m2\repository\org\glassfish\jaxb\jaxb-runtime\2.3.6\jaxb-runtime-2.3.6.jar;C:\Users\briguerr\.m2\repository\org\glassfish\jaxb\txw2\2.3.6\txw2-2.3.6.jar;C:\Users\briguerr\.m2\repository\com\sun\istack\istack-commons-runtime\3.0.12\istack-commons-runtime-3.0.12.jar;C:\Users\briguerr\.m2\repository\com\sun\activation\jakarta.activation\1.2.2\jakarta.activation-1.2.2.jar;C:\Users\briguerr\.m2\repository\org\springframework\data\spring-data-jpa\2.5.11\spring-data-jpa-2.5.11.jar;C:\Users\briguerr\.m2\repository\org\springframework\data\spring-data-commons\2.5.11\spring-data-commons-2.5.11.jar;C:\Users\briguerr\.m2\repository\org\springframework\spring-orm\5.3.20\spring-orm-5.3.20.jar;C:\Users\briguerr\.m2\repository\org\springframework\spring-tx\5.3.20\spring-tx-5.3.20.jar;C:\Users\briguerr\.m2\repository\org\slf4j\slf4j-api\1.7.36\slf4j-api-1.7.36.jar;C:\Users\briguerr\.m2\repository\org\springframework\spring-aspects\5.3.20\spring-aspects-5.3.20.jar;C:\Users\briguerr\.m2\repository\org\springframework\boot\spring-boot-starter-web\2.5.14\spring-boot-starter-web-2.5.14.jar;C:\Users\briguerr\.m2\repository\org\springframework\boot\spring-boot-starter\2.5.14\spring-boot-starter-2.5.14.jar;C:\Users\briguerr\.m2\repository\org\springframework\boot\spring-boot-starter-logging\2.5.14\spring-boot-starter-logging-2.5.14.jar;C:\Users\briguerr\.m2\repository\ch\qos\logback\logback-classic\1.2.11\logback-classic-1.2.11.jar;C:\Users\briguerr\.m2\repository\ch\qos\logback\logback-core\1.2.11\logback-core-1.2.11.jar;C:\Users\briguerr\.m2\repository\org\apache\logging\log4j\log4j-to-slf4j\2.17.2\log4j-to-slf4j-2.17.2.jar;C:\Users\briguerr\.m2\repository\org\apache\logging\log4j\log4j-api\2.17.2\log4j-api-2.17.2.jar;C:\Users\briguerr\.m2\repository\org\slf4j\jul-to-slf4j\1.7.36\jul-to-slf4j-1.7.36.jar;C:\Users\briguerr\.m2\repository\jakarta\annotation\jakarta.annotation-api\1.3.5\jakarta.annotation-api-1.3.5.jar;C:\Users\briguerr\.m2\repository\org\yaml\snakeyaml\1.28\snakeyaml-1.28.jar;C:\Users\briguerr\.m2\repository\org\springframework\boot\spring-boot-starter-json\2.5.14\spring-boot-starter-json-2.5.14.jar;C:\Users\briguerr\.m2\repository\com\fasterxml\jackson\core\jackson-databind\2.12.6.1\jackson-databind-2.12.6.1.jar;C:\Users\briguerr\.m2\repository\com\fasterxml\jackson\core\jackson-annotations\2.12.6\jackson-annotations-2.12.6.jar;C:\Users\briguerr\.m2\repository\com\fasterxml\jackson\core\jackson-core\2.12.6\jackson-core-2.12.6.jar;C:\Users\briguerr\.m2\repository\com\fasterxml\jackson\datatype\jackson-datatype-jdk8\2.12.6\jackson-datatype-jdk8-2.12.6.jar;C:\Users\briguerr\.m2\repository\com\fasterxml\jackson\datatype\jackson-datatype-jsr310\2.12.6\jackson-datatype-jsr310-2.12.6.jar;C:\Users\briguerr\.m2\repository\com\fasterxml\jackson\module\jackson-module-parameter-names\2.12.6\jackson-module-parameter-names-2.12.6.jar;C:\Users\briguerr\.m2\repository\org\springframework\boot\spring-boot-starter-tomcat\2.5.14\spring-boot-starter-tomcat-2.5.14.jar;C:\Users\briguerr\.m2\repository\org\apache\tomcat\embed\tomcat-embed-core\9.0.63\tomcat-embed-core-9.0.63.jar;C:\Users\briguerr\.m2\repository\org\apache\tomcat\embed\tomcat-embed-websocket\9.0.63\tomcat-embed-websocket-9.0.63.jar;C:\Users\briguerr\.m2\repository\org\springframework\spring-web\5.3.20\spring-web-5.3.20.jar;C:\Users\briguerr\.m2\repository\org\springframework\spring-webmvc\5.3.20\spring-webmvc-5.3.20.jar;C:\Users\briguerr\.m2\repository\org\springframework\spring-expression\5.3.20\spring-expression-5.3.20.jar;C:\Users\briguerr\.m2\repository\org\springframework\boot\spring-boot-devtools\2.5.14\spring-boot-devtools-2.5.14.jar;C:\Users\briguerr\.m2\repository\org\springframework\boot\spring-boot\2.5.14\spring-boot-2.5.14.jar;C:\Users\briguerr\.m2\repository\org\springframework\boot\spring-boot-autoconfigure\2.5.14\spring-boot-autoconfigure-2.5.14.jar;C:\Users\briguerr\.m2\repository\com\mysql\mysql-connector-j\8.0.32\mysql-connector-j-8.0.32.jar;C:\Users\briguerr\.m2\repository\com\google\protobuf\protobuf-java\3.21.9\protobuf-java-3.21.9.jar;C:\Users\briguerr\.m2\repository\org\projectlombok\lombok\1.18.24\lombok-1.18.24.jar;C:\Users\briguerr\.m2\repository\jakarta\xml\bind\jakarta.xml.bind-api\2.3.3\jakarta.xml.bind-api-2.3.3.jar;C:\Users\briguerr\.m2\repository\jakarta\activation\jakarta.activation-api\1.2.2\jakarta.activation-api-1.2.2.jar;C:\Users\briguerr\.m2\repository\org\springframework\spring-core\5.3.20\spring-core-5.3.20.jar;C:\Users\briguerr\.m2\repository\org\springframework\spring-jcl\5.3.20\spring-jcl-5.3.20.jar;C:\Users\briguerr\.m2\repository\org\springframework\security\oauth\spring-security-oauth2\2.3.4.RELEASE\spring-security-oauth2-2.3.4.RELEASE.jar;C:\Users\briguerr\.m2\repository\org\springframework\spring-beans\5.3.20\spring-beans-5.3.20.jar;C:\Users\briguerr\.m2\repository\org\springframework\spring-context\5.3.20\spring-context-5.3.20.jar;C:\Users\briguerr\.m2\repository\org\springframework\security\spring-security-core\5.5.8\spring-security-core-5.5.8.jar;C:\Users\briguerr\.m2\repository\org\springframework\security\spring-security-crypto\5.5.8\spring-security-crypto-5.5.8.jar;C:\Users\briguerr\.m2\repository\org\springframework\security\spring-security-config\5.5.8\spring-security-config-5.5.8.jar;C:\Users\briguerr\.m2\repository\org\springframework\security\spring-security-web\5.5.8\spring-security-web-5.5.8.jar;C:\Users\briguerr\.m2\repository\commons-codec\commons-codec\1.15\commons-codec-1.15.jar;C:\Users\briguerr\.m2\repository\org\codehaus\jackson\jackson-mapper-asl\1.9.13\jackson-mapper-asl-1.9.13.jar;C:\Users\briguerr\.m2\repository\org\codehaus\jackson\jackson-core-asl\1.9.13\jackson-core-asl-1.9.13.jar;C:\Users\briguerr\.m2\repository\org\springframework\security\spring-security-jwt\1.0.9.RELEASE\spring-security-jwt-1.0.9.RELEASE.jar;C:\Users\briguerr\.m2\repository\org\bouncycastle\bcpkix-jdk15on\1.56\bcpkix-jdk15on-1.56.jar;C:\Users\briguerr\.m2\repository\org\bouncycastle\bcprov-jdk15on\1.56\bcprov-jdk15on-1.56.jar;C:\Users\briguerr\.m2\repository\org\springframework\boot\spring-boot-starter-validation\2.5.14\spring-boot-starter-validation-2.5.14.jar;C:\Users\briguerr\.m2\repository\org\apache\tomcat\embed\tomcat-embed-el\9.0.63\tomcat-embed-el-9.0.63.jar;C:\Users\briguerr\.m2\repository\org\hibernate\validator\hibernate-validator\6.2.3.Final\hibernate-validator-6.2.3.Final.jar;C:\Users\briguerr\.m2\repository\jakarta\validation\jakarta.validation-api\2.0.2\jakarta.validation-api-2.0.2.jar
Launcher Type: SUN_STANDARD

[Global flags]
     intx CICompilerCount                          = 4                                         {product} {ergonomic}
     uint ConcGCThreads                            = 2                                         {product} {ergonomic}
     uint G1ConcRefinementThreads                  = 8                                         {product} {ergonomic}
   size_t G1HeapRegionSize                         = 1048576                                   {product} {ergonomic}
    uintx GCDrainStackTargetSize                   = 64                                        {product} {ergonomic}
   size_t InitialHeapSize                          = 130023424                                 {product} {ergonomic}
   size_t MarkStackSize                            = 4194304                                   {product} {ergonomic}
   size_t MaxHeapSize                              = 2074083328                                {product} {ergonomic}
   size_t MaxNewSize                               = 1243611136                                {product} {ergonomic}
   size_t MinHeapDeltaBytes                        = 1048576                                   {product} {ergonomic}
   size_t MinHeapSize                              = 8388608                                   {product} {ergonomic}
    uintx NonNMethodCodeHeapSize                   = 5839372                                {pd product} {ergonomic}
    uintx NonProfiledCodeHeapSize                  = 122909434                              {pd product} {ergonomic}
    uintx ProfiledCodeHeapSize                     = 122909434                              {pd product} {ergonomic}
    uintx ReservedCodeCacheSize                    = 251658240                              {pd product} {ergonomic}
     bool SegmentedCodeCache                       = true                                      {product} {ergonomic}
   size_t SoftMaxHeapSize                          = 2074083328                             {manageable} {ergonomic}
     bool UseCompressedClassPointers               = true                           {product lp64_product} {ergonomic}
     bool UseCompressedOops                        = true                           {product lp64_product} {ergonomic}
     bool UseG1GC                                  = true                                      {product} {ergonomic}
     bool UseLargePagesIndividualAllocation        = false                                  {pd product} {ergonomic}

Logging:
Log output configuration:
 #0: stdout all=warning uptime,level,tags foldmultilines=false
 #1: stderr all=off uptime,level,tags foldmultilines=false

Environment Variables:
JAVA_HOME=C:\Program Files\jdk-18.0.2.1
PATH=C:\Python311\Scripts\;C:\Python311\;C:\Program Files\jdk-18.0.2.1\bin;C:\Program Files\apache-maven-3.8.6\bin;C:\Program Files\Apache Software Foundation\Tomcat 10.0\bin;C:\Program Files\Common Files\Oracle\Java\javapath;C:\Program Files (x86)\Common Files\Oracle\Java\javapath;C:\Program Files\Eclipse Foundation\jdk-11.0.12.7-hotspot\bin;C:\Windows\system32;C:\Windows;C:\Windows\System32\Wbem;C:\Windows\System32\WindowsPowerShell\v1.0\;C:\Windows\System32\OpenSSH\;C:\Program Files\MySQL\MySQL Server 8.0\bin;C:\Program Files\Intel\WiFi\bin\;C:\Program Files\Common Files\Intel\WirelessCommon\;C:\Program Files\dotnet\;C:\Program Files\nodejs\;C:\ProgramData\chocolatey\bin;C:\Program Files\OpenSSL-Win64\bin;C:\Program Files\MySQL\MySQL Shell 8.0\bin\;C:\Users\briguerr\AppData\Local\Microsoft\WindowsApps;C:\Users\briguerr\AppData\Local\Programs\Microsoft VS Code\bin;C:\Users\briguerr\AppData\Local\Programs\Git\cmd;C:\Users\briguerr\AppData\Roaming\npm
USERNAME=briguerr
OS=Windows_NT
PROCESSOR_IDENTIFIER=Intel64 Family 6 Model 142 Stepping 12, GenuineIntel



---------------  S Y S T E M  ---------------

OS:
 Windows 11 , 64 bit Build 22621 (10.0.22621.1194)
OS uptime: 2 days 19:30 hours
Hyper-V role detected

CPU: total 8 (initial active 8) (4 cores per cpu, 2 threads per core) family 6 model 142 stepping 12 microcode 0xf0, cx8, cmov, fxsr, ht, mmx, 3dnowpref, sse, sse2, sse3, ssse3, sse4.1, sse4.2, popcnt, lzcnt, tsc, tscinvbit, avx, avx2, aes, erms, clmul, bmi1, bmi2, adx, fma, vzeroupper, clflush, clflushopt, hv

Memory: 4k page, system-wide physical 7907M (1733M free)
TotalPageFile size 16099M (AvailPageFile size 2M)
current process WorkingSet (physical memory assigned to process): 71M, peak: 251M
current process commit charge ("private bytes"): 259M, peak: 293M

vm_info: Java HotSpot(TM) 64-Bit Server VM (18.0.2.1+1-1) for windows-amd64 JRE (18.0.2.1+1-1), built on Aug 16 2022 01:46:33 by "mach5one" with MS VC++ 16.8 / 16.9 (VS2019)

END.
